C:\CI4510\GTED2D\CATCHIT\DEBUG\CATCHIT.EXE
C:\CI4510\GTED2D\CATCHIT\DEBUG\CATCHIT.EXE.EMBED.MANIFEST
C:\CI4510\GTED2D\CATCHIT\DEBUG\CATCHIT.EXE.EMBED.MANIFEST.RES
C:\CI4510\GTED2D\CATCHIT\DEBUG\CATCHIT.EXE.INTERMEDIATE.MANIFEST
C:\CI4510\GTED2D\CATCHIT\DEBUG\CATCHIT.ILK
C:\CI4510\GTED2D\CATCHIT\DEBUG\CATCHIT.PDB
C:\CI4510\GTED2D\CatchIT\Debug\CatchIT_manifest.rc
C:\CI4510\GTED2D\CatchIT\Debug\cl.command.1.tlog
C:\CI4510\GTED2D\CatchIT\Debug\CL.read.1.tlog
C:\CI4510\GTED2D\CatchIT\Debug\CL.write.1.tlog
C:\CI4510\GTED2D\CatchIT\Debug\link.2644.read.1.tlog
C:\CI4510\GTED2D\CatchIT\Debug\link.2644.write.1.tlog
C:\CI4510\GTED2D\CatchIT\Debug\link.2644-cvtres.read.1.tlog
C:\CI4510\GTED2D\CatchIT\Debug\link.2644-cvtres.write.1.tlog
C:\CI4510\GTED2D\CatchIT\Debug\link.command.1.tlog
C:\CI4510\GTED2D\CatchIT\Debug\link.read.1.tlog
C:\CI4510\GTED2D\CatchIT\Debug\link.write.1.tlog
C:\CI4510\GTED2D\CatchIT\Debug\link-cvtres.read.1.tlog
C:\CI4510\GTED2D\CatchIT\Debug\link-cvtres.write.1.tlog
C:\CI4510\GTED2D\CATCHIT\DEBUG\MAIN.OBJ
C:\CI4510\GTED2D\CatchIT\Debug\mt.command.1.tlog
C:\CI4510\GTED2D\CatchIT\Debug\mt.read.1.tlog
C:\CI4510\GTED2D\CatchIT\Debug\mt.write.1.tlog
C:\CI4510\GTED2D\CATCHIT\DEBUG\MYGAME.OBJ
C:\CI4510\GTED2D\CatchIT\Debug\rc.command.1.tlog
C:\CI4510\GTED2D\CatchIT\Debug\rc.read.1.tlog
C:\CI4510\GTED2D\CatchIT\Debug\rc.write.1.tlog
C:\CI4510\GTED2D\CATCHIT\DEBUG\STDAFX.OBJ
C:\CI4510\GTED2D\CatchIT\Debug\vc100.idb
C:\CI4510\GTED2D\CATCHIT\DEBUG\VC100.PDB
