C:\CI4510\CatchIT\Debug\cl.command.1.tlog
C:\CI4510\CatchIT\Debug\CL.read.1.tlog
C:\CI4510\CatchIT\Debug\CL.write.1.tlog
C:\CI4510\CatchIT\Debug\link.4448.read.1.tlog
C:\CI4510\CatchIT\Debug\link.4448.write.1.tlog
C:\CI4510\CatchIT\Debug\link.4448-cvtres.read.1.tlog
C:\CI4510\CatchIT\Debug\link.4448-cvtres.write.1.tlog
C:\CI4510\CatchIT\Debug\link.command.1.tlog
C:\CI4510\CatchIT\Debug\link.read.1.tlog
C:\CI4510\CatchIT\Debug\link.write.1.tlog
C:\CI4510\CatchIT\Debug\link-cvtres.read.1.tlog
C:\CI4510\CatchIT\Debug\link-cvtres.write.1.tlog
C:\CI4510\CatchIT\Debug\main.obj
C:\CI4510\CatchIT\Debug\mt.command.1.tlog
C:\CI4510\CatchIT\Debug\mt.read.1.tlog
C:\CI4510\CatchIT\Debug\mt.write.1.tlog
C:\CI4510\CatchIT\Debug\MyGame.obj
C:\CI4510\CatchIT\Debug\rc.command.1.tlog
C:\CI4510\CatchIT\Debug\rc.read.1.tlog
C:\CI4510\CatchIT\Debug\rc.write.1.tlog
C:\CI4510\CatchIT\Debug\stdafx.obj
C:\CI4510\CatchIT\Debug\TheGame.exe
C:\CI4510\CatchIT\Debug\TheGame.exe.embed.manifest
C:\CI4510\CatchIT\Debug\TheGame.exe.embed.manifest.res
C:\CI4510\CatchIT\Debug\TheGame.exe.intermediate.manifest
C:\CI4510\CatchIT\Debug\TheGame.ilk
C:\CI4510\CatchIT\Debug\TheGame.pdb
C:\CI4510\CatchIT\Debug\TheGame_manifest.rc
C:\CI4510\CatchIT\Debug\vc100.idb
C:\CI4510\CatchIT\Debug\vc100.pdb
C:\CI4510\NEWGAME\DEBUG\MAIN.OBJ
C:\CI4510\NEWGAME\DEBUG\MYGAME.OBJ
C:\CI4510\NEWGAME\DEBUG\STDAFX.OBJ
C:\CI4510\NEWGAME\DEBUG\THEGAME.EXE
C:\CI4510\NEWGAME\DEBUG\THEGAME.EXE.EMBED.MANIFEST
C:\CI4510\NEWGAME\DEBUG\THEGAME.EXE.EMBED.MANIFEST.RES
C:\CI4510\NEWGAME\DEBUG\THEGAME.EXE.INTERMEDIATE.MANIFEST
C:\CI4510\NEWGAME\DEBUG\THEGAME.ILK
C:\CI4510\NEWGAME\DEBUG\THEGAME.PDB
C:\CI4510\NEWGAME\DEBUG\VC100.PDB
